[0.081s] DEBUG:colcon:Command line arguments: ['/usr/bin/colcon', 'build']
[0.081s] DEBUG:colcon:Parsed command line arguments: Namespace(log_base=None, log_level=None, verb_name='build', build_base='build', install_base='install', merge_install=False, symlink_install=False, test_result_base=None, continue_on_error=False, executor='parallel', parallel_workers=16, event_handlers=None, ignore_user_meta=False, metas=['./colcon.meta'], base_paths=['.'], packages_ignore=None, packages_ignore_regex=None, paths=None, packages_up_to=None, packages_up_to_regex=None, packages_above=None, packages_above_and_dependencies=None, packages_above_depth=None, packages_select_by_dep=None, packages_skip_by_dep=None, packages_skip_up_to=None, packages_select_build_failed=False, packages_skip_build_finished=False, packages_select_test_failures=False, packages_skip_test_passed=False, packages_select=None, packages_skip=None, packages_select_regex=None, packages_skip_regex=None, packages_start=None, packages_end=None, allow_overriding=[], cmake_args=None, cmake_target=None, cmake_target_skip_unavailable=False, cmake_clean_cache=False, cmake_clean_first=False, cmake_force_configure=False, ament_cmake_args=None, catkin_cmake_args=None, catkin_skip_building_tests=False, mixin_files=None, mixin=None, verb_parser=<colcon_mixin.mixin.mixin_argument.MixinArgumentDecorator object at 0x731a28752320>, verb_extension=<colcon_core.verb.build.BuildVerb object at 0x731a28751d50>, main=<bound method BuildVerb.main of <colcon_core.verb.build.BuildVerb object at 0x731a28751d50>>, mixin_verb=('build',))
[0.197s] Level 1:colcon.colcon_core.package_discovery:discover_packages(colcon_meta) check parameters
[0.197s] Level 1:colcon.colcon_core.package_discovery:discover_packages(recursive) check parameters
[0.198s] Level 1:colcon.colcon_core.package_discovery:discover_packages(ignore) check parameters
[0.198s] Level 1:colcon.colcon_core.package_discovery:discover_packages(path) check parameters
[0.198s] Level 1:colcon.colcon_core.package_discovery:discover_packages(colcon_meta) discover
[0.198s] Level 1:colcon.colcon_core.package_discovery:discover_packages(recursive) discover
[0.198s] INFO:colcon.colcon_core.package_discovery:Crawling recursively for packages in '/home/himanshu/ws_final'
[0.198s] Level 1:colcon.colcon_core.package_identification:_identify(.) by extensions ['ignore', 'ignore_ament_install']
[0.198s] Level 1:colcon.colcon_core.package_identification:_identify(.) by extension 'ignore'
[0.198s] Level 1:colcon.colcon_core.package_identification:_identify(.) by extension 'ignore_ament_install'
[0.198s] Level 1:colcon.colcon_core.package_identification:_identify(.) by extensions ['colcon_pkg']
[0.198s] Level 1:colcon.colcon_core.package_identification:_identify(.) by extension 'colcon_pkg'
[0.198s] Level 1:colcon.colcon_core.package_identification:_identify(.) by extensions ['colcon_meta']
[0.198s] Level 1:colcon.colcon_core.package_identification:_identify(.) by extension 'colcon_meta'
[0.198s] Level 1:colcon.colcon_core.package_identification:_identify(.) by extensions ['ros']
[0.198s] Level 1:colcon.colcon_core.package_identification:_identify(.) by extension 'ros'
[0.206s] Level 1:colcon.colcon_core.package_identification:_identify(.) by extensions ['cmake', 'python']
[0.206s] Level 1:colcon.colcon_core.package_identification:_identify(.) by extension 'cmake'
[0.206s] Level 1:colcon.colcon_core.package_identification:_identify(.) by extension 'python'
[0.206s] Level 1:colcon.colcon_core.package_identification:_identify(.) by extensions ['python_setup_py']
[0.206s] Level 1:colcon.colcon_core.package_identification:_identify(.) by extension 'python_setup_py'
[0.207s] Level 1:colcon.colcon_core.package_identification:_identify(build) by extensions ['ignore', 'ignore_ament_install']
[0.207s] Level 1:colcon.colcon_core.package_identification:_identify(build) by extension 'ignore'
[0.207s] Level 1:colcon.colcon_core.package_identification:_identify(build) ignored
[0.207s] Level 1:colcon.colcon_core.package_identification:_identify(install) by extensions ['ignore', 'ignore_ament_install']
[0.207s] Level 1:colcon.colcon_core.package_identification:_identify(install) by extension 'ignore'
[0.207s] Level 1:colcon.colcon_core.package_identification:_identify(install) ignored
[0.207s] Level 1:colcon.colcon_core.package_identification:_identify(log) by extensions ['ignore', 'ignore_ament_install']
[0.207s] Level 1:colcon.colcon_core.package_identification:_identify(log) by extension 'ignore'
[0.207s] Level 1:colcon.colcon_core.package_identification:_identify(log) ignored
[0.207s] Level 1:colcon.colcon_core.package_identification:_identify(src) by extensions ['ignore', 'ignore_ament_install']
[0.207s] Level 1:colcon.colcon_core.package_identification:_identify(src) by extension 'ignore'
[0.207s] Level 1:colcon.colcon_core.package_identification:_identify(src) by extension 'ignore_ament_install'
[0.207s] Level 1:colcon.colcon_core.package_identification:_identify(src) by extensions ['colcon_pkg']
[0.207s] Level 1:colcon.colcon_core.package_identification:_identify(src) by extension 'colcon_pkg'
[0.207s] Level 1:colcon.colcon_core.package_identification:_identify(src) by extensions ['colcon_meta']
[0.207s] Level 1:colcon.colcon_core.package_identification:_identify(src) by extension 'colcon_meta'
[0.207s] Level 1:colcon.colcon_core.package_identification:_identify(src) by extensions ['ros']
[0.207s] Level 1:colcon.colcon_core.package_identification:_identify(src) by extension 'ros'
[0.207s] Level 1:colcon.colcon_core.package_identification:_identify(src) by extensions ['cmake', 'python']
[0.207s] Level 1:colcon.colcon_core.package_identification:_identify(src) by extension 'cmake'
[0.207s] Level 1:colcon.colcon_core.package_identification:_identify(src) by extension 'python'
[0.207s] Level 1:colcon.colcon_core.package_identification:_identify(src) by extensions ['python_setup_py']
[0.207s] Level 1:colcon.colcon_core.package_identification:_identify(src) by extension 'python_setup_py'
[0.207s] Level 1:colcon.colcon_core.package_identification:_identify(src/bot_brain) by extensions ['ignore', 'ignore_ament_install']
[0.208s] Level 1:colcon.colcon_core.package_identification:_identify(src/bot_brain) by extension 'ignore'
[0.208s] Level 1:colcon.colcon_core.package_identification:_identify(src/bot_brain) by extension 'ignore_ament_install'
[0.208s] Level 1:colcon.colcon_core.package_identification:_identify(src/bot_brain) by extensions ['colcon_pkg']
[0.208s] Level 1:colcon.colcon_core.package_identification:_identify(src/bot_brain) by extension 'colcon_pkg'
[0.208s] Level 1:colcon.colcon_core.package_identification:_identify(src/bot_brain) by extensions ['colcon_meta']
[0.208s] Level 1:colcon.colcon_core.package_identification:_identify(src/bot_brain) by extension 'colcon_meta'
[0.208s] Level 1:colcon.colcon_core.package_identification:_identify(src/bot_brain) by extensions ['ros']
[0.208s] Level 1:colcon.colcon_core.package_identification:_identify(src/bot_brain) by extension 'ros'
[0.209s] DEBUG:colcon.colcon_core.package_identification:Package 'src/bot_brain' with type 'ros.ament_python' and name 'bot_brain'
[0.210s] Level 1:colcon.colcon_core.package_identification:_identify(src/bot_simulation) by extensions ['ignore', 'ignore_ament_install']
[0.210s] Level 1:colcon.colcon_core.package_identification:_identify(src/bot_simulation) by extension 'ignore'
[0.210s] Level 1:colcon.colcon_core.package_identification:_identify(src/bot_simulation) by extension 'ignore_ament_install'
[0.210s] Level 1:colcon.colcon_core.package_identification:_identify(src/bot_simulation) by extensions ['colcon_pkg']
[0.210s] Level 1:colcon.colcon_core.package_identification:_identify(src/bot_simulation) by extension 'colcon_pkg'
[0.210s] Level 1:colcon.colcon_core.package_identification:_identify(src/bot_simulation) by extensions ['colcon_meta']
[0.210s] Level 1:colcon.colcon_core.package_identification:_identify(src/bot_simulation) by extension 'colcon_meta'
[0.210s] Level 1:colcon.colcon_core.package_identification:_identify(src/bot_simulation) by extensions ['ros']
[0.210s] Level 1:colcon.colcon_core.package_identification:_identify(src/bot_simulation) by extension 'ros'
[0.211s] DEBUG:colcon.colcon_core.package_identification:Package 'src/bot_simulation' with type 'ros.ament_python' and name 'bot_simulation'
[0.211s] Level 1:colcon.colcon_core.package_discovery:discover_packages(recursive) using defaults
[0.211s] Level 1:colcon.colcon_core.package_discovery:discover_packages(ignore) discover
[0.211s] Level 1:colcon.colcon_core.package_discovery:discover_packages(ignore) using defaults
[0.211s] Level 1:colcon.colcon_core.package_discovery:discover_packages(path) discover
[0.211s] Level 1:colcon.colcon_core.package_discovery:discover_packages(path) using defaults
[0.233s] Level 1:colcon.colcon_core.package_discovery:discover_packages(prefix_path) check parameters
[0.233s] Level 1:colcon.colcon_core.package_discovery:discover_packages(prefix_path) discover
[0.234s] DEBUG:colcon.colcon_installed_package_information.package_discovery:Found 2 installed packages in /home/himanshu/ws_final/install
[0.235s] DEBUG:colcon.colcon_installed_package_information.package_discovery:Found 1 installed packages in /home/himanshu/ros2_ws/install
[0.236s] DEBUG:colcon.colcon_installed_package_information.package_discovery:Found 298 installed packages in /opt/ros/humble
[0.237s] Level 1:colcon.colcon_core.package_discovery:discover_packages(prefix_path) using defaults
[0.264s] Level 5:colcon.colcon_core.verb:set package 'bot_brain' build argument 'cmake_args' from command line to 'None'
[0.264s] Level 5:colcon.colcon_core.verb:set package 'bot_brain' build argument 'cmake_target' from command line to 'None'
[0.264s] Level 5:colcon.colcon_core.verb:set package 'bot_brain' build argument 'cmake_target_skip_unavailable' from command line to 'False'
[0.264s] Level 5:colcon.colcon_core.verb:set package 'bot_brain' build argument 'cmake_clean_cache' from command line to 'False'
[0.264s] Level 5:colcon.colcon_core.verb:set package 'bot_brain' build argument 'cmake_clean_first' from command line to 'False'
[0.264s] Level 5:colcon.colcon_core.verb:set package 'bot_brain' build argument 'cmake_force_configure' from command line to 'False'
[0.264s] Level 5:colcon.colcon_core.verb:set package 'bot_brain' build argument 'ament_cmake_args' from command line to 'None'
[0.264s] Level 5:colcon.colcon_core.verb:set package 'bot_brain' build argument 'catkin_cmake_args' from command line to 'None'
[0.264s] Level 5:colcon.colcon_core.verb:set package 'bot_brain' build argument 'catkin_skip_building_tests' from command line to 'False'
[0.265s] DEBUG:colcon.colcon_core.verb:Building package 'bot_brain' with the following arguments: {'ament_cmake_args': None, 'build_base': '/home/himanshu/ws_final/build/bot_brain', 'catkin_cmake_args': None, 'catkin_skip_building_tests': False, 'cmake_args': None, 'cmake_clean_cache': False, 'cmake_clean_first': False, 'cmake_force_configure': False, 'cmake_target': None, 'cmake_target_skip_unavailable': False, 'install_base': '/home/himanshu/ws_final/install/bot_brain', 'merge_install': False, 'path': '/home/himanshu/ws_final/src/bot_brain', 'symlink_install': False, 'test_result_base': None}
[0.265s] Level 5:colcon.colcon_core.verb:set package 'bot_simulation' build argument 'cmake_args' from command line to 'None'
[0.265s] Level 5:colcon.colcon_core.verb:set package 'bot_simulation' build argument 'cmake_target' from command line to 'None'
[0.265s] Level 5:colcon.colcon_core.verb:set package 'bot_simulation' build argument 'cmake_target_skip_unavailable' from command line to 'False'
[0.265s] Level 5:colcon.colcon_core.verb:set package 'bot_simulation' build argument 'cmake_clean_cache' from command line to 'False'
[0.265s] Level 5:colcon.colcon_core.verb:set package 'bot_simulation' build argument 'cmake_clean_first' from command line to 'False'
[0.265s] Level 5:colcon.colcon_core.verb:set package 'bot_simulation' build argument 'cmake_force_configure' from command line to 'False'
[0.265s] Level 5:colcon.colcon_core.verb:set package 'bot_simulation' build argument 'ament_cmake_args' from command line to 'None'
[0.265s] Level 5:colcon.colcon_core.verb:set package 'bot_simulation' build argument 'catkin_cmake_args' from command line to 'None'
[0.265s] Level 5:colcon.colcon_core.verb:set package 'bot_simulation' build argument 'catkin_skip_building_tests' from command line to 'False'
[0.265s] DEBUG:colcon.colcon_core.verb:Building package 'bot_simulation' with the following arguments: {'ament_cmake_args': None, 'build_base': '/home/himanshu/ws_final/build/bot_simulation', 'catkin_cmake_args': None, 'catkin_skip_building_tests': False, 'cmake_args': None, 'cmake_clean_cache': False, 'cmake_clean_first': False, 'cmake_force_configure': False, 'cmake_target': None, 'cmake_target_skip_unavailable': False, 'install_base': '/home/himanshu/ws_final/install/bot_simulation', 'merge_install': False, 'path': '/home/himanshu/ws_final/src/bot_simulation', 'symlink_install': False, 'test_result_base': None}
[0.265s] INFO:colcon.colcon_core.executor:Executing jobs using 'parallel' executor
[0.266s] DEBUG:colcon.colcon_parallel_executor.executor.parallel:run_until_complete
[0.266s] INFO:colcon.colcon_ros.task.ament_python.build:Building ROS package in '/home/himanshu/ws_final/src/bot_brain' with build type 'ament_python'
[0.266s] Level 1:colcon.colcon_core.shell:create_environment_hook('bot_brain', 'ament_prefix_path')
[0.268s] INFO:colcon.colcon_core.plugin_system:Skipping extension 'colcon_core.shell.bat': Not used on non-Windows systems
[0.268s] INFO:colcon.colcon_core.shell:Creating environment hook '/home/himanshu/ws_final/install/bot_brain/share/bot_brain/hook/ament_prefix_path.ps1'
[0.268s] INFO:colcon.colcon_core.shell:Creating environment descriptor '/home/himanshu/ws_final/install/bot_brain/share/bot_brain/hook/ament_prefix_path.dsv'
[0.269s] INFO:colcon.colcon_core.shell:Creating environment hook '/home/himanshu/ws_final/install/bot_brain/share/bot_brain/hook/ament_prefix_path.sh'
[0.269s] INFO:colcon.colcon_core.shell:Skip shell extension 'powershell' for command environment: Not usable outside of PowerShell
[0.269s] DEBUG:colcon.colcon_core.shell:Skip shell extension 'dsv' for command environment
[0.272s] INFO:colcon.colcon_ros.task.ament_python.build:Building ROS package in '/home/himanshu/ws_final/src/bot_simulation' with build type 'ament_python'
[0.272s] Level 1:colcon.colcon_core.shell:create_environment_hook('bot_simulation', 'ament_prefix_path')
[0.272s] INFO:colcon.colcon_core.shell:Creating environment hook '/home/himanshu/ws_final/install/bot_simulation/share/bot_simulation/hook/ament_prefix_path.ps1'
[0.273s] INFO:colcon.colcon_core.shell:Creating environment descriptor '/home/himanshu/ws_final/install/bot_simulation/share/bot_simulation/hook/ament_prefix_path.dsv'
[0.273s] INFO:colcon.colcon_core.shell:Creating environment hook '/home/himanshu/ws_final/install/bot_simulation/share/bot_simulation/hook/ament_prefix_path.sh'
[0.273s] INFO:colcon.colcon_core.shell:Skip shell extension 'powershell' for command environment: Not usable outside of PowerShell
[0.274s] DEBUG:colcon.colcon_core.shell:Skip shell extension 'dsv' for command environment
[0.463s] INFO:colcon.colcon_core.task.python.build:Building Python package in '/home/himanshu/ws_final/src/bot_brain'
[0.463s] INFO:colcon.colcon_core.shell:Skip shell extension 'powershell' for command environment: Not usable outside of PowerShell
[0.463s] DEBUG:colcon.colcon_core.shell:Skip shell extension 'dsv' for command environment
[0.622s] INFO:colcon.colcon_core.task.python.build:Building Python package in '/home/himanshu/ws_final/src/bot_simulation'
[0.622s] INFO:colcon.colcon_core.shell:Skip shell extension 'powershell' for command environment: Not usable outside of PowerShell
[0.622s] DEBUG:colcon.colcon_core.shell:Skip shell extension 'dsv' for command environment
[0.828s] DEBUG:colcon.colcon_core.event_handler.log_command:Invoking command in '/home/himanshu/ws_final/src/bot_brain': PYTHONPATH=/home/himanshu/ws_final/build/bot_brain/prefix_override:/usr/lib/python3/dist-packages/colcon_core/task/python/colcon_distutils_commands:/home/himanshu/ws_final/install/bot_brain/lib/python3.10/site-packages:${PYTHONPATH} /usr/bin/python3 -W ignore:setup.py install is deprecated -W ignore:easy_install command is deprecated setup.py egg_info --egg-base ../../build/bot_brain build --build-base /home/himanshu/ws_final/build/bot_brain/build install --record /home/himanshu/ws_final/build/bot_brain/install.log --single-version-externally-managed install_data
[0.839s] DEBUG:colcon.colcon_core.event_handler.log_command:Invoking command in '/home/himanshu/ws_final/src/bot_simulation': PYTHONPATH=/home/himanshu/ws_final/build/bot_simulation/prefix_override:/usr/lib/python3/dist-packages/colcon_core/task/python/colcon_distutils_commands:/home/himanshu/ws_final/install/bot_simulation/lib/python3.10/site-packages:${PYTHONPATH} /usr/bin/python3 -W ignore:setup.py install is deprecated -W ignore:easy_install command is deprecated setup.py egg_info --egg-base ../../build/bot_simulation build --build-base /home/himanshu/ws_final/build/bot_simulation/build install --record /home/himanshu/ws_final/build/bot_simulation/install.log --single-version-externally-managed install_data
[1.013s] DEBUG:colcon.colcon_core.event_handler.log_command:Invoked command in '/home/himanshu/ws_final/src/bot_simulation' returned '0': PYTHONPATH=/home/himanshu/ws_final/build/bot_simulation/prefix_override:/usr/lib/python3/dist-packages/colcon_core/task/python/colcon_distutils_commands:/home/himanshu/ws_final/install/bot_simulation/lib/python3.10/site-packages:${PYTHONPATH} /usr/bin/python3 -W ignore:setup.py install is deprecated -W ignore:easy_install command is deprecated setup.py egg_info --egg-base ../../build/bot_simulation build --build-base /home/himanshu/ws_final/build/bot_simulation/build install --record /home/himanshu/ws_final/build/bot_simulation/install.log --single-version-externally-managed install_data
[1.015s] Level 1:colcon.colcon_core.environment:checking '/home/himanshu/ws_final/install/bot_simulation' for CMake module files
[1.016s] Level 1:colcon.colcon_core.environment:checking '/home/himanshu/ws_final/install/bot_simulation' for CMake config files
[1.016s] Level 1:colcon.colcon_core.environment:checking '/home/himanshu/ws_final/install/bot_simulation/lib'
[1.016s] Level 1:colcon.colcon_core.environment:checking '/home/himanshu/ws_final/install/bot_simulation/bin'
[1.017s] Level 1:colcon.colcon_core.environment:checking '/home/himanshu/ws_final/install/bot_simulation/lib/pkgconfig/bot_simulation.pc'
[1.017s] Level 1:colcon.colcon_core.environment:checking '/home/himanshu/ws_final/install/bot_simulation/lib/python3.10/site-packages'
[1.017s] Level 1:colcon.colcon_core.shell:create_environment_hook('bot_simulation', 'pythonpath')
[1.017s] INFO:colcon.colcon_core.shell:Creating environment hook '/home/himanshu/ws_final/install/bot_simulation/share/bot_simulation/hook/pythonpath.ps1'
[1.018s] INFO:colcon.colcon_core.shell:Creating environment descriptor '/home/himanshu/ws_final/install/bot_simulation/share/bot_simulation/hook/pythonpath.dsv'
[1.018s] INFO:colcon.colcon_core.shell:Creating environment hook '/home/himanshu/ws_final/install/bot_simulation/share/bot_simulation/hook/pythonpath.sh'
[1.019s] Level 1:colcon.colcon_core.environment:checking '/home/himanshu/ws_final/install/bot_simulation/bin'
[1.019s] Level 1:colcon.colcon_core.environment:create_environment_scripts_only(bot_simulation)
[1.019s] INFO:colcon.colcon_core.shell:Creating package script '/home/himanshu/ws_final/install/bot_simulation/share/bot_simulation/package.ps1'
[1.020s] INFO:colcon.colcon_core.shell:Creating package descriptor '/home/himanshu/ws_final/install/bot_simulation/share/bot_simulation/package.dsv'
[1.021s] INFO:colcon.colcon_core.shell:Creating package script '/home/himanshu/ws_final/install/bot_simulation/share/bot_simulation/package.sh'
[1.021s] INFO:colcon.colcon_core.shell:Creating package script '/home/himanshu/ws_final/install/bot_simulation/share/bot_simulation/package.bash'
[1.022s] INFO:colcon.colcon_core.shell:Creating package script '/home/himanshu/ws_final/install/bot_simulation/share/bot_simulation/package.zsh'
[1.023s] Level 1:colcon.colcon_core.environment:create_file_with_runtime_dependencies(/home/himanshu/ws_final/install/bot_simulation/share/colcon-core/packages/bot_simulation)
[1.042s] Level 1:colcon.colcon_core.environment:checking '/home/himanshu/ws_final/install/bot_brain' for CMake module files
[1.042s] DEBUG:colcon.colcon_core.event_handler.log_command:Invoked command in '/home/himanshu/ws_final/src/bot_brain' returned '0': PYTHONPATH=/home/himanshu/ws_final/build/bot_brain/prefix_override:/usr/lib/python3/dist-packages/colcon_core/task/python/colcon_distutils_commands:/home/himanshu/ws_final/install/bot_brain/lib/python3.10/site-packages:${PYTHONPATH} /usr/bin/python3 -W ignore:setup.py install is deprecated -W ignore:easy_install command is deprecated setup.py egg_info --egg-base ../../build/bot_brain build --build-base /home/himanshu/ws_final/build/bot_brain/build install --record /home/himanshu/ws_final/build/bot_brain/install.log --single-version-externally-managed install_data
[1.042s] Level 1:colcon.colcon_core.environment:checking '/home/himanshu/ws_final/install/bot_brain' for CMake config files
[1.043s] Level 1:colcon.colcon_core.environment:checking '/home/himanshu/ws_final/install/bot_brain/lib'
[1.043s] Level 1:colcon.colcon_core.environment:checking '/home/himanshu/ws_final/install/bot_brain/bin'
[1.043s] Level 1:colcon.colcon_core.environment:checking '/home/himanshu/ws_final/install/bot_brain/lib/pkgconfig/bot_brain.pc'
[1.043s] Level 1:colcon.colcon_core.environment:checking '/home/himanshu/ws_final/install/bot_brain/lib/python3.10/site-packages'
[1.043s] Level 1:colcon.colcon_core.shell:create_environment_hook('bot_brain', 'pythonpath')
[1.044s] INFO:colcon.colcon_core.shell:Creating environment hook '/home/himanshu/ws_final/install/bot_brain/share/bot_brain/hook/pythonpath.ps1'
[1.044s] INFO:colcon.colcon_core.shell:Creating environment descriptor '/home/himanshu/ws_final/install/bot_brain/share/bot_brain/hook/pythonpath.dsv'
[1.045s] INFO:colcon.colcon_core.shell:Creating environment hook '/home/himanshu/ws_final/install/bot_brain/share/bot_brain/hook/pythonpath.sh'
[1.045s] Level 1:colcon.colcon_core.environment:checking '/home/himanshu/ws_final/install/bot_brain/bin'
[1.045s] Level 1:colcon.colcon_core.environment:create_environment_scripts_only(bot_brain)
[1.046s] INFO:colcon.colcon_core.shell:Creating package script '/home/himanshu/ws_final/install/bot_brain/share/bot_brain/package.ps1'
[1.046s] INFO:colcon.colcon_core.shell:Creating package descriptor '/home/himanshu/ws_final/install/bot_brain/share/bot_brain/package.dsv'
[1.047s] INFO:colcon.colcon_core.shell:Creating package script '/home/himanshu/ws_final/install/bot_brain/share/bot_brain/package.sh'
[1.047s] INFO:colcon.colcon_core.shell:Creating package script '/home/himanshu/ws_final/install/bot_brain/share/bot_brain/package.bash'
[1.047s] INFO:colcon.colcon_core.shell:Creating package script '/home/himanshu/ws_final/install/bot_brain/share/bot_brain/package.zsh'
[1.047s] Level 1:colcon.colcon_core.environment:create_file_with_runtime_dependencies(/home/himanshu/ws_final/install/bot_brain/share/colcon-core/packages/bot_brain)
[1.047s] DEBUG:colcon.colcon_parallel_executor.executor.parallel:closing loop
[1.048s] DEBUG:colcon.colcon_parallel_executor.executor.parallel:loop closed
[1.048s] DEBUG:colcon.colcon_parallel_executor.executor.parallel:run_until_complete finished with '0'
[1.048s] DEBUG:colcon.colcon_core.event_reactor:joining thread
[1.051s] INFO:colcon.colcon_core.plugin_system:Skipping extension 'colcon_notification.desktop_notification.terminal_notifier': Not used on non-Darwin systems
[1.051s] INFO:colcon.colcon_core.plugin_system:Skipping extension 'colcon_notification.desktop_notification.win32': Not used on non-Windows systems
[1.051s] INFO:colcon.colcon_notification.desktop_notification:Sending desktop notification using 'notify2'
[1.062s] DEBUG:colcon.colcon_core.event_reactor:joined thread
[1.062s] INFO:colcon.colcon_core.shell:Creating prefix script '/home/himanshu/ws_final/install/local_setup.ps1'
[1.063s] INFO:colcon.colcon_core.shell:Creating prefix util module '/home/himanshu/ws_final/install/_local_setup_util_ps1.py'
[1.064s] INFO:colcon.colcon_core.shell:Creating prefix chain script '/home/himanshu/ws_final/install/setup.ps1'
[1.065s] INFO:colcon.colcon_core.shell:Creating prefix script '/home/himanshu/ws_final/install/local_setup.sh'
[1.065s] INFO:colcon.colcon_core.shell:Creating prefix util module '/home/himanshu/ws_final/install/_local_setup_util_sh.py'
[1.066s] INFO:colcon.colcon_core.shell:Creating prefix chain script '/home/himanshu/ws_final/install/setup.sh'
[1.067s] INFO:colcon.colcon_core.shell:Creating prefix script '/home/himanshu/ws_final/install/local_setup.bash'
[1.067s] INFO:colcon.colcon_core.shell:Creating prefix chain script '/home/himanshu/ws_final/install/setup.bash'
[1.068s] INFO:colcon.colcon_core.shell:Creating prefix script '/home/himanshu/ws_final/install/local_setup.zsh'
[1.068s] INFO:colcon.colcon_core.shell:Creating prefix chain script '/home/himanshu/ws_final/install/setup.zsh'
