[0.674s] Invoking command in '/home/himanshu/ws_final/build/bot_brain': PYTHONPATH=/home/himanshu/ws_final/build/bot_brain/prefix_override:/usr/lib/python3/dist-packages/colcon_core/task/python/colcon_distutils_commands:/home/himanshu/ws_final/install/bot_brain/lib/python3.10/site-packages:${PYTHONPATH} /usr/bin/python3 -W ignore:setup.py install is deprecated -W ignore:easy_install command is deprecated setup.py develop --uninstall --editable --build-directory /home/himanshu/ws_final/build/bot_brain/build
[0.885s] running develop
[1.005s] Removing /home/himanshu/ws_final/install/bot_brain/lib/python3.10/site-packages/bot-brain.egg-link (link to .)
[1.029s] Invoked command in '/home/himanshu/ws_final/build/bot_brain' returned '0': PYTHONPATH=/home/himanshu/ws_final/build/bot_brain/prefix_override:/usr/lib/python3/dist-packages/colcon_core/task/python/colcon_distutils_commands:/home/himanshu/ws_final/install/bot_brain/lib/python3.10/site-packages:${PYTHONPATH} /usr/bin/python3 -W ignore:setup.py install is deprecated -W ignore:easy_install command is deprecated setup.py develop --uninstall --editable --build-directory /home/himanshu/ws_final/build/bot_brain/build
[1.030s] Invoking command in '/home/himanshu/ws_final/src/bot_brain': PYTHONPATH=/home/himanshu/ws_final/build/bot_brain/prefix_override:/usr/lib/python3/dist-packages/colcon_core/task/python/colcon_distutils_commands:/home/himanshu/ws_final/install/bot_brain/lib/python3.10/site-packages:${PYTHONPATH} /usr/bin/python3 -W ignore:setup.py install is deprecated -W ignore:easy_install command is deprecated setup.py egg_info --egg-base ../../build/bot_brain build --build-base /home/himanshu/ws_final/build/bot_brain/build install --record /home/himanshu/ws_final/build/bot_brain/install.log --single-version-externally-managed install_data --force
[1.215s] running egg_info
[1.215s] writing ../../build/bot_brain/bot_brain.egg-info/PKG-INFO
[1.215s] writing dependency_links to ../../build/bot_brain/bot_brain.egg-info/dependency_links.txt
[1.215s] writing entry points to ../../build/bot_brain/bot_brain.egg-info/entry_points.txt
[1.216s] writing requirements to ../../build/bot_brain/bot_brain.egg-info/requires.txt
[1.216s] writing top-level names to ../../build/bot_brain/bot_brain.egg-info/top_level.txt
[1.217s] reading manifest file '../../build/bot_brain/bot_brain.egg-info/SOURCES.txt'
[1.219s] writing manifest file '../../build/bot_brain/bot_brain.egg-info/SOURCES.txt'
[1.219s] running build
[1.219s] running build_py
[1.219s] running install
[1.219s] running install_lib
[1.220s] creating /home/himanshu/ws_final/install/bot_brain/lib/python3.10/site-packages/bot_brain
[1.220s] copying /home/himanshu/ws_final/build/bot_brain/build/lib/bot_brain/__init__.py -> /home/himanshu/ws_final/install/bot_brain/lib/python3.10/site-packages/bot_brain
[1.220s] byte-compiling /home/himanshu/ws_final/install/bot_brain/lib/python3.10/site-packages/bot_brain/__init__.py to __init__.cpython-310.pyc
[1.220s] running install_data
[1.220s] copying resource/bot_brain -> /home/himanshu/ws_final/install/bot_brain/share/ament_index/resource_index/packages
[1.220s] copying package.xml -> /home/himanshu/ws_final/install/bot_brain/share/bot_brain
[1.220s] running install_egg_info
[1.222s] Copying ../../build/bot_brain/bot_brain.egg-info to /home/himanshu/ws_final/install/bot_brain/lib/python3.10/site-packages/bot_brain-0.0.0-py3.10.egg-info
[1.222s] running install_scripts
[1.240s] writing list of installed files to '/home/himanshu/ws_final/build/bot_brain/install.log'
[1.263s] Invoked command in '/home/himanshu/ws_final/src/bot_brain' returned '0': PYTHONPATH=/home/himanshu/ws_final/build/bot_brain/prefix_override:/usr/lib/python3/dist-packages/colcon_core/task/python/colcon_distutils_commands:/home/himanshu/ws_final/install/bot_brain/lib/python3.10/site-packages:${PYTHONPATH} /usr/bin/python3 -W ignore:setup.py install is deprecated -W ignore:easy_install command is deprecated setup.py egg_info --egg-base ../../build/bot_brain build --build-base /home/himanshu/ws_final/build/bot_brain/build install --record /home/himanshu/ws_final/build/bot_brain/install.log --single-version-externally-managed install_data --force
