[0.223s] DEBUG:colcon:Command line arguments: ['/usr/bin/colcon', 'build', '--symlink-install']
[0.223s] DEBUG:colcon:Parsed command line arguments: Namespace(log_base=None, log_level=None, verb_name='build', build_base='build', install_base='install', merge_install=False, symlink_install=True, test_result_base=None, continue_on_error=False, executor='parallel', parallel_workers=16, event_handlers=None, ignore_user_meta=False, metas=['./colcon.meta'], base_paths=['.'], packages_ignore=None, packages_ignore_regex=None, paths=None, packages_up_to=None, packages_up_to_regex=None, packages_above=None, packages_above_and_dependencies=None, packages_above_depth=None, packages_select_by_dep=None, packages_skip_by_dep=None, packages_skip_up_to=None, packages_select_build_failed=False, packages_skip_build_finished=False, packages_select_test_failures=False, packages_skip_test_passed=False, packages_select=None, packages_skip=None, packages_select_regex=None, packages_skip_regex=None, packages_start=None, packages_end=None, allow_overriding=[], cmake_args=None, cmake_target=None, cmake_target_skip_unavailable=False, cmake_clean_cache=False, cmake_clean_first=False, cmake_force_configure=False, ament_cmake_args=None, catkin_cmake_args=None, catkin_skip_building_tests=False, mixin_files=None, mixin=None, verb_parser=<colcon_mixin.mixin.mixin_argument.MixinArgumentDecorator object at 0x7ab994e55870>, verb_extension=<colcon_core.verb.build.BuildVerb object at 0x7ab994e552a0>, main=<bound method BuildVerb.main of <colcon_core.verb.build.BuildVerb object at 0x7ab994e552a0>>, mixin_verb=('build',))
[0.540s] Level 1:colcon.colcon_core.package_discovery:discover_packages(colcon_meta) check parameters
[0.540s] Level 1:colcon.colcon_core.package_discovery:discover_packages(recursive) check parameters
[0.541s] Level 1:colcon.colcon_core.package_discovery:discover_packages(ignore) check parameters
[0.541s] Level 1:colcon.colcon_core.package_discovery:discover_packages(path) check parameters
[0.541s] Level 1:colcon.colcon_core.package_discovery:discover_packages(colcon_meta) discover
[0.541s] Level 1:colcon.colcon_core.package_discovery:discover_packages(recursive) discover
[0.541s] INFO:colcon.colcon_core.package_discovery:Crawling recursively for packages in '/home/himanshu/ws_final'
[0.541s] Level 1:colcon.colcon_core.package_identification:_identify(.) by extensions ['ignore', 'ignore_ament_install']
[0.541s] Level 1:colcon.colcon_core.package_identification:_identify(.) by extension 'ignore'
[0.541s] Level 1:colcon.colcon_core.package_identification:_identify(.) by extension 'ignore_ament_install'
[0.541s] Level 1:colcon.colcon_core.package_identification:_identify(.) by extensions ['colcon_pkg']
[0.541s] Level 1:colcon.colcon_core.package_identification:_identify(.) by extension 'colcon_pkg'
[0.541s] Level 1:colcon.colcon_core.package_identification:_identify(.) by extensions ['colcon_meta']
[0.541s] Level 1:colcon.colcon_core.package_identification:_identify(.) by extension 'colcon_meta'
[0.541s] Level 1:colcon.colcon_core.package_identification:_identify(.) by extensions ['ros']
[0.541s] Level 1:colcon.colcon_core.package_identification:_identify(.) by extension 'ros'
[0.559s] Level 1:colcon.colcon_core.package_identification:_identify(.) by extensions ['cmake', 'python']
[0.559s] Level 1:colcon.colcon_core.package_identification:_identify(.) by extension 'cmake'
[0.559s] Level 1:colcon.colcon_core.package_identification:_identify(.) by extension 'python'
[0.559s] Level 1:colcon.colcon_core.package_identification:_identify(.) by extensions ['python_setup_py']
[0.559s] Level 1:colcon.colcon_core.package_identification:_identify(.) by extension 'python_setup_py'
[0.559s] Level 1:colcon.colcon_core.package_identification:_identify(build) by extensions ['ignore', 'ignore_ament_install']
[0.559s] Level 1:colcon.colcon_core.package_identification:_identify(build) by extension 'ignore'
[0.559s] Level 1:colcon.colcon_core.package_identification:_identify(build) ignored
[0.560s] Level 1:colcon.colcon_core.package_identification:_identify(install) by extensions ['ignore', 'ignore_ament_install']
[0.560s] Level 1:colcon.colcon_core.package_identification:_identify(install) by extension 'ignore'
[0.560s] Level 1:colcon.colcon_core.package_identification:_identify(install) ignored
[0.560s] Level 1:colcon.colcon_core.package_identification:_identify(log) by extensions ['ignore', 'ignore_ament_install']
[0.560s] Level 1:colcon.colcon_core.package_identification:_identify(log) by extension 'ignore'
[0.560s] Level 1:colcon.colcon_core.package_identification:_identify(log) ignored
[0.560s] Level 1:colcon.colcon_core.package_identification:_identify(src) by extensions ['ignore', 'ignore_ament_install']
[0.560s] Level 1:colcon.colcon_core.package_identification:_identify(src) by extension 'ignore'
[0.560s] Level 1:colcon.colcon_core.package_identification:_identify(src) by extension 'ignore_ament_install'
[0.560s] Level 1:colcon.colcon_core.package_identification:_identify(src) by extensions ['colcon_pkg']
[0.560s] Level 1:colcon.colcon_core.package_identification:_identify(src) by extension 'colcon_pkg'
[0.561s] Level 1:colcon.colcon_core.package_identification:_identify(src) by extensions ['colcon_meta']
[0.561s] Level 1:colcon.colcon_core.package_identification:_identify(src) by extension 'colcon_meta'
[0.561s] Level 1:colcon.colcon_core.package_identification:_identify(src) by extensions ['ros']
[0.561s] Level 1:colcon.colcon_core.package_identification:_identify(src) by extension 'ros'
[0.561s] Level 1:colcon.colcon_core.package_identification:_identify(src) by extensions ['cmake', 'python']
[0.561s] Level 1:colcon.colcon_core.package_identification:_identify(src) by extension 'cmake'
[0.561s] Level 1:colcon.colcon_core.package_identification:_identify(src) by extension 'python'
[0.561s] Level 1:colcon.colcon_core.package_identification:_identify(src) by extensions ['python_setup_py']
[0.561s] Level 1:colcon.colcon_core.package_identification:_identify(src) by extension 'python_setup_py'
[0.561s] Level 1:colcon.colcon_core.package_identification:_identify(src/bot_brain) by extensions ['ignore', 'ignore_ament_install']
[0.561s] Level 1:colcon.colcon_core.package_identification:_identify(src/bot_brain) by extension 'ignore'
[0.561s] Level 1:colcon.colcon_core.package_identification:_identify(src/bot_brain) by extension 'ignore_ament_install'
[0.561s] Level 1:colcon.colcon_core.package_identification:_identify(src/bot_brain) by extensions ['colcon_pkg']
[0.561s] Level 1:colcon.colcon_core.package_identification:_identify(src/bot_brain) by extension 'colcon_pkg'
[0.561s] Level 1:colcon.colcon_core.package_identification:_identify(src/bot_brain) by extensions ['colcon_meta']
[0.561s] Level 1:colcon.colcon_core.package_identification:_identify(src/bot_brain) by extension 'colcon_meta'
[0.561s] Level 1:colcon.colcon_core.package_identification:_identify(src/bot_brain) by extensions ['ros']
[0.561s] Level 1:colcon.colcon_core.package_identification:_identify(src/bot_brain) by extension 'ros'
[0.565s] DEBUG:colcon.colcon_core.package_identification:Package 'src/bot_brain' with type 'ros.ament_python' and name 'bot_brain'
[0.565s] Level 1:colcon.colcon_core.package_identification:_identify(src/bot_simulation) by extensions ['ignore', 'ignore_ament_install']
[0.566s] Level 1:colcon.colcon_core.package_identification:_identify(src/bot_simulation) by extension 'ignore'
[0.566s] Level 1:colcon.colcon_core.package_identification:_identify(src/bot_simulation) by extension 'ignore_ament_install'
[0.566s] Level 1:colcon.colcon_core.package_identification:_identify(src/bot_simulation) by extensions ['colcon_pkg']
[0.566s] Level 1:colcon.colcon_core.package_identification:_identify(src/bot_simulation) by extension 'colcon_pkg'
[0.566s] Level 1:colcon.colcon_core.package_identification:_identify(src/bot_simulation) by extensions ['colcon_meta']
[0.566s] Level 1:colcon.colcon_core.package_identification:_identify(src/bot_simulation) by extension 'colcon_meta'
[0.566s] Level 1:colcon.colcon_core.package_identification:_identify(src/bot_simulation) by extensions ['ros']
[0.566s] Level 1:colcon.colcon_core.package_identification:_identify(src/bot_simulation) by extension 'ros'
[0.568s] DEBUG:colcon.colcon_core.package_identification:Package 'src/bot_simulation' with type 'ros.ament_python' and name 'bot_simulation'
[0.568s] Level 1:colcon.colcon_core.package_discovery:discover_packages(recursive) using defaults
[0.568s] Level 1:colcon.colcon_core.package_discovery:discover_packages(ignore) discover
[0.568s] Level 1:colcon.colcon_core.package_discovery:discover_packages(ignore) using defaults
[0.568s] Level 1:colcon.colcon_core.package_discovery:discover_packages(path) discover
[0.568s] Level 1:colcon.colcon_core.package_discovery:discover_packages(path) using defaults
[0.624s] Level 1:colcon.colcon_core.package_discovery:discover_packages(prefix_path) check parameters
[0.625s] Level 1:colcon.colcon_core.package_discovery:discover_packages(prefix_path) discover
[0.627s] DEBUG:colcon.colcon_installed_package_information.package_discovery:Found 1 installed packages in /home/himanshu/ros2_ws/install
[0.630s] DEBUG:colcon.colcon_installed_package_information.package_discovery:Found 298 installed packages in /opt/ros/humble
[0.632s] Level 1:colcon.colcon_core.package_discovery:discover_packages(prefix_path) using defaults
[0.731s] Level 5:colcon.colcon_core.verb:set package 'bot_brain' build argument 'cmake_args' from command line to 'None'
[0.731s] Level 5:colcon.colcon_core.verb:set package 'bot_brain' build argument 'cmake_target' from command line to 'None'
[0.731s] Level 5:colcon.colcon_core.verb:set package 'bot_brain' build argument 'cmake_target_skip_unavailable' from command line to 'False'
[0.731s] Level 5:colcon.colcon_core.verb:set package 'bot_brain' build argument 'cmake_clean_cache' from command line to 'False'
[0.731s] Level 5:colcon.colcon_core.verb:set package 'bot_brain' build argument 'cmake_clean_first' from command line to 'False'
[0.732s] Level 5:colcon.colcon_core.verb:set package 'bot_brain' build argument 'cmake_force_configure' from command line to 'False'
[0.732s] Level 5:colcon.colcon_core.verb:set package 'bot_brain' build argument 'ament_cmake_args' from command line to 'None'
[0.732s] Level 5:colcon.colcon_core.verb:set package 'bot_brain' build argument 'catkin_cmake_args' from command line to 'None'
[0.732s] Level 5:colcon.colcon_core.verb:set package 'bot_brain' build argument 'catkin_skip_building_tests' from command line to 'False'
[0.732s] DEBUG:colcon.colcon_core.verb:Building package 'bot_brain' with the following arguments: {'ament_cmake_args': None, 'build_base': '/home/himanshu/ws_final/build/bot_brain', 'catkin_cmake_args': None, 'catkin_skip_building_tests': False, 'cmake_args': None, 'cmake_clean_cache': False, 'cmake_clean_first': False, 'cmake_force_configure': False, 'cmake_target': None, 'cmake_target_skip_unavailable': False, 'install_base': '/home/himanshu/ws_final/install/bot_brain', 'merge_install': False, 'path': '/home/himanshu/ws_final/src/bot_brain', 'symlink_install': True, 'test_result_base': None}
[0.733s] Level 5:colcon.colcon_core.verb:set package 'bot_simulation' build argument 'cmake_args' from command line to 'None'
[0.733s] Level 5:colcon.colcon_core.verb:set package 'bot_simulation' build argument 'cmake_target' from command line to 'None'
[0.733s] Level 5:colcon.colcon_core.verb:set package 'bot_simulation' build argument 'cmake_target_skip_unavailable' from command line to 'False'
[0.733s] Level 5:colcon.colcon_core.verb:set package 'bot_simulation' build argument 'cmake_clean_cache' from command line to 'False'
[0.733s] Level 5:colcon.colcon_core.verb:set package 'bot_simulation' build argument 'cmake_clean_first' from command line to 'False'
[0.733s] Level 5:colcon.colcon_core.verb:set package 'bot_simulation' build argument 'cmake_force_configure' from command line to 'False'
[0.733s] Level 5:colcon.colcon_core.verb:set package 'bot_simulation' build argument 'ament_cmake_args' from command line to 'None'
[0.733s] Level 5:colcon.colcon_core.verb:set package 'bot_simulation' build argument 'catkin_cmake_args' from command line to 'None'
[0.733s] Level 5:colcon.colcon_core.verb:set package 'bot_simulation' build argument 'catkin_skip_building_tests' from command line to 'False'
[0.733s] DEBUG:colcon.colcon_core.verb:Building package 'bot_simulation' with the following arguments: {'ament_cmake_args': None, 'build_base': '/home/himanshu/ws_final/build/bot_simulation', 'catkin_cmake_args': None, 'catkin_skip_building_tests': False, 'cmake_args': None, 'cmake_clean_cache': False, 'cmake_clean_first': False, 'cmake_force_configure': False, 'cmake_target': None, 'cmake_target_skip_unavailable': False, 'install_base': '/home/himanshu/ws_final/install/bot_simulation', 'merge_install': False, 'path': '/home/himanshu/ws_final/src/bot_simulation', 'symlink_install': True, 'test_result_base': None}
[0.733s] INFO:colcon.colcon_core.executor:Executing jobs using 'parallel' executor
[0.736s] DEBUG:colcon.colcon_parallel_executor.executor.parallel:run_until_complete
[0.736s] INFO:colcon.colcon_ros.task.ament_python.build:Building ROS package in '/home/himanshu/ws_final/src/bot_brain' with build type 'ament_python'
[0.736s] Level 1:colcon.colcon_core.shell:create_environment_hook('bot_brain', 'ament_prefix_path')
[0.741s] INFO:colcon.colcon_core.plugin_system:Skipping extension 'colcon_core.shell.bat': Not used on non-Windows systems
[0.741s] INFO:colcon.colcon_core.shell:Creating environment hook '/home/himanshu/ws_final/install/bot_brain/share/bot_brain/hook/ament_prefix_path.ps1'
[0.742s] INFO:colcon.colcon_core.shell:Creating environment descriptor '/home/himanshu/ws_final/install/bot_brain/share/bot_brain/hook/ament_prefix_path.dsv'
[0.743s] INFO:colcon.colcon_core.shell:Creating environment hook '/home/himanshu/ws_final/install/bot_brain/share/bot_brain/hook/ament_prefix_path.sh'
[0.745s] INFO:colcon.colcon_core.shell:Skip shell extension 'powershell' for command environment: Not usable outside of PowerShell
[0.746s] DEBUG:colcon.colcon_core.shell:Skip shell extension 'dsv' for command environment
[0.752s] INFO:colcon.colcon_ros.task.ament_python.build:Building ROS package in '/home/himanshu/ws_final/src/bot_simulation' with build type 'ament_python'
[0.752s] Level 1:colcon.colcon_core.shell:create_environment_hook('bot_simulation', 'ament_prefix_path')
[0.753s] INFO:colcon.colcon_core.shell:Creating environment hook '/home/himanshu/ws_final/install/bot_simulation/share/bot_simulation/hook/ament_prefix_path.ps1'
[0.754s] INFO:colcon.colcon_core.shell:Creating environment descriptor '/home/himanshu/ws_final/install/bot_simulation/share/bot_simulation/hook/ament_prefix_path.dsv'
[0.755s] INFO:colcon.colcon_core.shell:Creating environment hook '/home/himanshu/ws_final/install/bot_simulation/share/bot_simulation/hook/ament_prefix_path.sh'
[0.757s] INFO:colcon.colcon_core.shell:Skip shell extension 'powershell' for command environment: Not usable outside of PowerShell
[0.757s] DEBUG:colcon.colcon_core.shell:Skip shell extension 'dsv' for command environment
[1.154s] INFO:colcon.colcon_core.task.python.build:Building Python package in '/home/himanshu/ws_final/src/bot_brain'
[1.154s] INFO:colcon.colcon_core.shell:Skip shell extension 'powershell' for command environment: Not usable outside of PowerShell
[1.154s] DEBUG:colcon.colcon_core.shell:Skip shell extension 'dsv' for command environment
[1.352s] INFO:colcon.colcon_core.task.python.build:Building Python package in '/home/himanshu/ws_final/src/bot_simulation'
[1.353s] INFO:colcon.colcon_core.shell:Skip shell extension 'powershell' for command environment: Not usable outside of PowerShell
[1.353s] DEBUG:colcon.colcon_core.shell:Skip shell extension 'dsv' for command environment
[1.633s] DEBUG:colcon.colcon_core.task.python.build:While undoing a previous installation files outside the Python library path are being ignored: /home/himanshu/ws_final/install/bot_brain/share/ament_index/resource_index/packages/bot_brain
[1.633s] DEBUG:colcon.colcon_core.task.python.build:While undoing a previous installation files outside the Python library path are being ignored: /home/himanshu/ws_final/install/bot_brain/share/bot_brain/package.xml
[1.639s] DEBUG:colcon.colcon_core.event_handler.log_command:Invoking command in '/home/himanshu/ws_final/build/bot_brain': PYTHONPATH=/home/himanshu/ws_final/build/bot_brain/prefix_override:/usr/lib/python3/dist-packages/colcon_core/task/python/colcon_distutils_commands:/home/himanshu/ws_final/install/bot_brain/lib/python3.10/site-packages:${PYTHONPATH} /usr/bin/python3 -W ignore:setup.py install is deprecated -W ignore:easy_install command is deprecated setup.py develop --editable --build-directory /home/himanshu/ws_final/build/bot_brain/build --no-deps symlink_data --force
[1.642s] DEBUG:colcon.colcon_core.task.python.build:While undoing a previous installation files outside the Python library path are being ignored: /home/himanshu/ws_final/install/bot_simulation/share/ament_index/resource_index/packages/bot_simulation
[1.643s] DEBUG:colcon.colcon_core.task.python.build:While undoing a previous installation files outside the Python library path are being ignored: /home/himanshu/ws_final/install/bot_simulation/share/bot_simulation/package.xml
[1.648s] DEBUG:colcon.colcon_core.event_handler.log_command:Invoking command in '/home/himanshu/ws_final/build/bot_simulation': PYTHONPATH=/home/himanshu/ws_final/build/bot_simulation/prefix_override:/usr/lib/python3/dist-packages/colcon_core/task/python/colcon_distutils_commands:/home/himanshu/ws_final/install/bot_simulation/lib/python3.10/site-packages:${PYTHONPATH} /usr/bin/python3 -W ignore:setup.py install is deprecated -W ignore:easy_install command is deprecated setup.py develop --editable --build-directory /home/himanshu/ws_final/build/bot_simulation/build --no-deps symlink_data --force
[2.430s] Level 1:colcon.colcon_core.shell:create_environment_hook('bot_simulation', 'pythonpath_develop')
[2.431s] INFO:colcon.colcon_core.shell:Creating environment hook '/home/himanshu/ws_final/build/bot_simulation/share/bot_simulation/hook/pythonpath_develop.ps1'
[2.432s] DEBUG:colcon.colcon_core.event_handler.log_command:Invoked command in '/home/himanshu/ws_final/build/bot_simulation' returned '0': PYTHONPATH=/home/himanshu/ws_final/build/bot_simulation/prefix_override:/usr/lib/python3/dist-packages/colcon_core/task/python/colcon_distutils_commands:/home/himanshu/ws_final/install/bot_simulation/lib/python3.10/site-packages:${PYTHONPATH} /usr/bin/python3 -W ignore:setup.py install is deprecated -W ignore:easy_install command is deprecated setup.py develop --editable --build-directory /home/himanshu/ws_final/build/bot_simulation/build --no-deps symlink_data --force
[2.433s] INFO:colcon.colcon_core.shell:Creating environment descriptor '/home/himanshu/ws_final/build/bot_simulation/share/bot_simulation/hook/pythonpath_develop.dsv'
[2.434s] INFO:colcon.colcon_core.shell:Creating environment hook '/home/himanshu/ws_final/build/bot_simulation/share/bot_simulation/hook/pythonpath_develop.sh'
[2.439s] Level 1:colcon.colcon_core.environment:checking '/home/himanshu/ws_final/install/bot_simulation' for CMake module files
[2.440s] Level 1:colcon.colcon_core.environment:checking '/home/himanshu/ws_final/install/bot_simulation' for CMake config files
[2.441s] Level 1:colcon.colcon_core.environment:checking '/home/himanshu/ws_final/install/bot_simulation/lib'
[2.441s] Level 1:colcon.colcon_core.environment:checking '/home/himanshu/ws_final/install/bot_simulation/bin'
[2.441s] Level 1:colcon.colcon_core.environment:checking '/home/himanshu/ws_final/install/bot_simulation/lib/pkgconfig/bot_simulation.pc'
[2.442s] Level 1:colcon.colcon_core.environment:checking '/home/himanshu/ws_final/install/bot_simulation/lib/python3.10/site-packages'
[2.442s] Level 1:colcon.colcon_core.shell:create_environment_hook('bot_simulation', 'pythonpath')
[2.442s] INFO:colcon.colcon_core.shell:Creating environment hook '/home/himanshu/ws_final/install/bot_simulation/share/bot_simulation/hook/pythonpath.ps1'
[2.443s] INFO:colcon.colcon_core.shell:Creating environment descriptor '/home/himanshu/ws_final/install/bot_simulation/share/bot_simulation/hook/pythonpath.dsv'
[2.444s] INFO:colcon.colcon_core.shell:Creating environment hook '/home/himanshu/ws_final/install/bot_simulation/share/bot_simulation/hook/pythonpath.sh'
[2.445s] Level 1:colcon.colcon_core.environment:checking '/home/himanshu/ws_final/install/bot_simulation/bin'
[2.445s] Level 1:colcon.colcon_core.environment:create_environment_scripts_only(bot_simulation)
[2.446s] INFO:colcon.colcon_core.shell:Creating package script '/home/himanshu/ws_final/install/bot_simulation/share/bot_simulation/package.ps1'
[2.448s] INFO:colcon.colcon_core.shell:Creating package descriptor '/home/himanshu/ws_final/install/bot_simulation/share/bot_simulation/package.dsv'
[2.449s] INFO:colcon.colcon_core.shell:Creating package script '/home/himanshu/ws_final/install/bot_simulation/share/bot_simulation/package.sh'
[2.450s] INFO:colcon.colcon_core.shell:Creating package script '/home/himanshu/ws_final/install/bot_simulation/share/bot_simulation/package.bash'
[2.451s] INFO:colcon.colcon_core.shell:Creating package script '/home/himanshu/ws_final/install/bot_simulation/share/bot_simulation/package.zsh'
[2.452s] Level 1:colcon.colcon_core.environment:create_file_with_runtime_dependencies(/home/himanshu/ws_final/install/bot_simulation/share/colcon-core/packages/bot_simulation)
[2.454s] Level 1:colcon.colcon_core.shell:create_environment_hook('bot_brain', 'pythonpath_develop')
[2.454s] INFO:colcon.colcon_core.shell:Creating environment hook '/home/himanshu/ws_final/build/bot_brain/share/bot_brain/hook/pythonpath_develop.ps1'
[2.456s] INFO:colcon.colcon_core.shell:Creating environment descriptor '/home/himanshu/ws_final/build/bot_brain/share/bot_brain/hook/pythonpath_develop.dsv'
[2.456s] DEBUG:colcon.colcon_core.event_handler.log_command:Invoked command in '/home/himanshu/ws_final/build/bot_brain' returned '0': PYTHONPATH=/home/himanshu/ws_final/build/bot_brain/prefix_override:/usr/lib/python3/dist-packages/colcon_core/task/python/colcon_distutils_commands:/home/himanshu/ws_final/install/bot_brain/lib/python3.10/site-packages:${PYTHONPATH} /usr/bin/python3 -W ignore:setup.py install is deprecated -W ignore:easy_install command is deprecated setup.py develop --editable --build-directory /home/himanshu/ws_final/build/bot_brain/build --no-deps symlink_data --force
[2.457s] INFO:colcon.colcon_core.shell:Creating environment hook '/home/himanshu/ws_final/build/bot_brain/share/bot_brain/hook/pythonpath_develop.sh'
[2.458s] Level 1:colcon.colcon_core.environment:checking '/home/himanshu/ws_final/install/bot_brain' for CMake module files
[2.458s] Level 1:colcon.colcon_core.environment:checking '/home/himanshu/ws_final/install/bot_brain' for CMake config files
[2.459s] Level 1:colcon.colcon_core.environment:checking '/home/himanshu/ws_final/install/bot_brain/lib'
[2.459s] Level 1:colcon.colcon_core.environment:checking '/home/himanshu/ws_final/install/bot_brain/bin'
[2.459s] Level 1:colcon.colcon_core.environment:checking '/home/himanshu/ws_final/install/bot_brain/lib/pkgconfig/bot_brain.pc'
[2.460s] Level 1:colcon.colcon_core.environment:checking '/home/himanshu/ws_final/install/bot_brain/lib/python3.10/site-packages'
[2.460s] Level 1:colcon.colcon_core.shell:create_environment_hook('bot_brain', 'pythonpath')
[2.460s] INFO:colcon.colcon_core.shell:Creating environment hook '/home/himanshu/ws_final/install/bot_brain/share/bot_brain/hook/pythonpath.ps1'
[2.461s] INFO:colcon.colcon_core.shell:Creating environment descriptor '/home/himanshu/ws_final/install/bot_brain/share/bot_brain/hook/pythonpath.dsv'
[2.462s] INFO:colcon.colcon_core.shell:Creating environment hook '/home/himanshu/ws_final/install/bot_brain/share/bot_brain/hook/pythonpath.sh'
[2.463s] Level 1:colcon.colcon_core.environment:checking '/home/himanshu/ws_final/install/bot_brain/bin'
[2.463s] Level 1:colcon.colcon_core.environment:create_environment_scripts_only(bot_brain)
[2.464s] INFO:colcon.colcon_core.shell:Creating package script '/home/himanshu/ws_final/install/bot_brain/share/bot_brain/package.ps1'
[2.465s] INFO:colcon.colcon_core.shell:Creating package descriptor '/home/himanshu/ws_final/install/bot_brain/share/bot_brain/package.dsv'
[2.466s] INFO:colcon.colcon_core.shell:Creating package script '/home/himanshu/ws_final/install/bot_brain/share/bot_brain/package.sh'
[2.466s] INFO:colcon.colcon_core.shell:Creating package script '/home/himanshu/ws_final/install/bot_brain/share/bot_brain/package.bash'
[2.467s] INFO:colcon.colcon_core.shell:Creating package script '/home/himanshu/ws_final/install/bot_brain/share/bot_brain/package.zsh'
[2.468s] Level 1:colcon.colcon_core.environment:create_file_with_runtime_dependencies(/home/himanshu/ws_final/install/bot_brain/share/colcon-core/packages/bot_brain)
[2.468s] DEBUG:colcon.colcon_parallel_executor.executor.parallel:closing loop
[2.468s] DEBUG:colcon.colcon_parallel_executor.executor.parallel:loop closed
[2.468s] DEBUG:colcon.colcon_parallel_executor.executor.parallel:run_until_complete finished with '0'
[2.468s] DEBUG:colcon.colcon_core.event_reactor:joining thread
[2.479s] INFO:colcon.colcon_core.plugin_system:Skipping extension 'colcon_notification.desktop_notification.terminal_notifier': Not used on non-Darwin systems
[2.480s] INFO:colcon.colcon_core.plugin_system:Skipping extension 'colcon_notification.desktop_notification.win32': Not used on non-Windows systems
[2.480s] INFO:colcon.colcon_notification.desktop_notification:Sending desktop notification using 'notify2'
[2.500s] DEBUG:colcon.colcon_core.event_reactor:joined thread
[2.501s] INFO:colcon.colcon_core.shell:Creating prefix script '/home/himanshu/ws_final/install/local_setup.ps1'
[2.503s] INFO:colcon.colcon_core.shell:Creating prefix util module '/home/himanshu/ws_final/install/_local_setup_util_ps1.py'
[2.506s] INFO:colcon.colcon_core.shell:Creating prefix chain script '/home/himanshu/ws_final/install/setup.ps1'
[2.509s] INFO:colcon.colcon_core.shell:Creating prefix script '/home/himanshu/ws_final/install/local_setup.sh'
[2.510s] INFO:colcon.colcon_core.shell:Creating prefix util module '/home/himanshu/ws_final/install/_local_setup_util_sh.py'
[2.511s] INFO:colcon.colcon_core.shell:Creating prefix chain script '/home/himanshu/ws_final/install/setup.sh'
[2.513s] INFO:colcon.colcon_core.shell:Creating prefix script '/home/himanshu/ws_final/install/local_setup.bash'
[2.514s] INFO:colcon.colcon_core.shell:Creating prefix chain script '/home/himanshu/ws_final/install/setup.bash'
[2.516s] INFO:colcon.colcon_core.shell:Creating prefix script '/home/himanshu/ws_final/install/local_setup.zsh'
[2.517s] INFO:colcon.colcon_core.shell:Creating prefix chain script '/home/himanshu/ws_final/install/setup.zsh'
