running develop
running egg_info
creating bot_brain.egg-info
writing bot_brain.egg-info/PKG-INFO
writing dependency_links to bot_brain.egg-info/dependency_links.txt
writing entry points to bot_brain.egg-info/entry_points.txt
writing requirements to bot_brain.egg-info/requires.txt
writing top-level names to bot_brain.egg-info/top_level.txt
writing manifest file 'bot_brain.egg-info/SOURCES.txt'
reading manifest file 'bot_brain.egg-info/SOURCES.txt'
writing manifest file 'bot_brain.egg-info/SOURCES.txt'
running build_ext
Creating /home/himanshu/ws_final/install/bot_brain/lib/python3.10/site-packages/bot-brain.egg-link (link to .)

Installed /home/himanshu/ws_final/build/bot_brain
running symlink_data
creating /home/himanshu/ws_final/install/bot_brain/share/ament_index
creating /home/himanshu/ws_final/install/bot_brain/share/ament_index/resource_index
creating /home/himanshu/ws_final/install/bot_brain/share/ament_index/resource_index/packages
symbolically linking /home/himanshu/ws_final/build/bot_brain/resource/bot_brain -> /home/himanshu/ws_final/install/bot_brain/share/ament_index/resource_index/packages
symbolically linking /home/himanshu/ws_final/build/bot_brain/package.xml -> /home/himanshu/ws_final/install/bot_brain/share/bot_brain
