[0.670s] Invoking command in '/home/himanshu/ws_final/src/bot_simulation': PYTHONPATH=/home/himanshu/ws_final/build/bot_simulation/prefix_override:/usr/lib/python3/dist-packages/colcon_core/task/python/colcon_distutils_commands:/home/himanshu/ws_final/install/bot_simulation/lib/python3.10/site-packages:${PYTHONPATH} /usr/bin/python3 -W ignore:setup.py install is deprecated -W ignore:easy_install command is deprecated setup.py egg_info --egg-base ../../build/bot_simulation build --build-base /home/himanshu/ws_final/build/bot_simulation/build install --record /home/himanshu/ws_final/build/bot_simulation/install.log --single-version-externally-managed install_data
[1.078s] running egg_info
[1.080s] writing ../../build/bot_simulation/bot_simulation.egg-info/PKG-INFO
[1.080s] writing dependency_links to ../../build/bot_simulation/bot_simulation.egg-info/dependency_links.txt
[1.080s] writing entry points to ../../build/bot_simulation/bot_simulation.egg-info/entry_points.txt
[1.080s] writing requirements to ../../build/bot_simulation/bot_simulation.egg-info/requires.txt
[1.080s] writing top-level names to ../../build/bot_simulation/bot_simulation.egg-info/top_level.txt
[1.083s] reading manifest file '../../build/bot_simulation/bot_simulation.egg-info/SOURCES.txt'
[1.086s] writing manifest file '../../build/bot_simulation/bot_simulation.egg-info/SOURCES.txt'
[1.087s] running build
[1.087s] running build_py
[1.087s] running install
[1.087s] running install_lib
[1.089s] running install_data
[1.090s] copying launch/spdemergency.launch.py -> /home/himanshu/ws_final/install/bot_simulation/share/bot_simulation/launch
[1.090s] running install_egg_info
[1.094s] removing '/home/himanshu/ws_final/install/bot_simulation/lib/python3.10/site-packages/bot_simulation-0.0.0-py3.10.egg-info' (and everything under it)
[1.094s] Copying ../../build/bot_simulation/bot_simulation.egg-info to /home/himanshu/ws_final/install/bot_simulation/lib/python3.10/site-packages/bot_simulation-0.0.0-py3.10.egg-info
[1.095s] running install_scripts
[1.137s] writing list of installed files to '/home/himanshu/ws_final/build/bot_simulation/install.log'
[1.184s] Invoked command in '/home/himanshu/ws_final/src/bot_simulation' returned '0': PYTHONPATH=/home/himanshu/ws_final/build/bot_simulation/prefix_override:/usr/lib/python3/dist-packages/colcon_core/task/python/colcon_distutils_commands:/home/himanshu/ws_final/install/bot_simulation/lib/python3.10/site-packages:${PYTHONPATH} /usr/bin/python3 -W ignore:setup.py install is deprecated -W ignore:easy_install command is deprecated setup.py egg_info --egg-base ../../build/bot_simulation build --build-base /home/himanshu/ws_final/build/bot_simulation/build install --record /home/himanshu/ws_final/build/bot_simulation/install.log --single-version-externally-managed install_data
