[0.528s] Invoking command in '/home/himanshu/ws_final/src/bot_brain': PYTHONPATH=/home/himanshu/ws_final/build/bot_brain/prefix_override:/usr/lib/python3/dist-packages/colcon_core/task/python/colcon_distutils_commands:/home/himanshu/ws_final/install/bot_brain/lib/python3.10/site-packages:${PYTHONPATH} /usr/bin/python3 -W ignore:setup.py install is deprecated -W ignore:easy_install command is deprecated setup.py egg_info --egg-base ../../build/bot_brain build --build-base /home/himanshu/ws_final/build/bot_brain/build install --record /home/himanshu/ws_final/build/bot_brain/install.log --single-version-externally-managed install_data
[0.669s] running egg_info
[0.670s] writing ../../build/bot_brain/bot_brain.egg-info/PKG-INFO
[0.670s] writing dependency_links to ../../build/bot_brain/bot_brain.egg-info/dependency_links.txt
[0.670s] writing entry points to ../../build/bot_brain/bot_brain.egg-info/entry_points.txt
[0.670s] writing requirements to ../../build/bot_brain/bot_brain.egg-info/requires.txt
[0.670s] writing top-level names to ../../build/bot_brain/bot_brain.egg-info/top_level.txt
[0.671s] reading manifest file '../../build/bot_brain/bot_brain.egg-info/SOURCES.txt'
[0.672s] writing manifest file '../../build/bot_brain/bot_brain.egg-info/SOURCES.txt'
[0.672s] running build
[0.672s] running build_py
[0.672s] running install
[0.672s] running install_lib
[0.673s] running install_data
[0.673s] running install_egg_info
[0.674s] removing '/home/himanshu/ws_final/install/bot_brain/lib/python3.10/site-packages/bot_brain-0.0.0-py3.10.egg-info' (and everything under it)
[0.674s] Copying ../../build/bot_brain/bot_brain.egg-info to /home/himanshu/ws_final/install/bot_brain/lib/python3.10/site-packages/bot_brain-0.0.0-py3.10.egg-info
[0.675s] running install_scripts
[0.688s] writing list of installed files to '/home/himanshu/ws_final/build/bot_brain/install.log'
[0.704s] Invoked command in '/home/himanshu/ws_final/src/bot_brain' returned '0': PYTHONPATH=/home/himanshu/ws_final/build/bot_brain/prefix_override:/usr/lib/python3/dist-packages/colcon_core/task/python/colcon_distutils_commands:/home/himanshu/ws_final/install/bot_brain/lib/python3.10/site-packages:${PYTHONPATH} /usr/bin/python3 -W ignore:setup.py install is deprecated -W ignore:easy_install command is deprecated setup.py egg_info --egg-base ../../build/bot_brain build --build-base /home/himanshu/ws_final/build/bot_brain/build install --record /home/himanshu/ws_final/build/bot_brain/install.log --single-version-externally-managed install_data
