running develop
Removing /home/himanshu/ws_final/install/bot_brain/lib/python3.10/site-packages/bot-brain.egg-link (link to .)
running egg_info
writing ../../build/bot_brain/bot_brain.egg-info/PKG-INFO
writing dependency_links to ../../build/bot_brain/bot_brain.egg-info/dependency_links.txt
writing entry points to ../../build/bot_brain/bot_brain.egg-info/entry_points.txt
writing requirements to ../../build/bot_brain/bot_brain.egg-info/requires.txt
writing top-level names to ../../build/bot_brain/bot_brain.egg-info/top_level.txt
reading manifest file '../../build/bot_brain/bot_brain.egg-info/SOURCES.txt'
writing manifest file '../../build/bot_brain/bot_brain.egg-info/SOURCES.txt'
running build
running build_py
creating /home/himanshu/ws_final/build/bot_brain/build
creating /home/himanshu/ws_final/build/bot_brain/build/lib
creating /home/himanshu/ws_final/build/bot_brain/build/lib/bot_brain
copying bot_brain/__init__.py -> /home/himanshu/ws_final/build/bot_brain/build/lib/bot_brain
running install
running install_lib
creating /home/himanshu/ws_final/install/bot_brain/lib/python3.10/site-packages/bot_brain
copying /home/himanshu/ws_final/build/bot_brain/build/lib/bot_brain/__init__.py -> /home/himanshu/ws_final/install/bot_brain/lib/python3.10/site-packages/bot_brain
byte-compiling /home/himanshu/ws_final/install/bot_brain/lib/python3.10/site-packages/bot_brain/__init__.py to __init__.cpython-310.pyc
running install_data
copying resource/bot_brain -> /home/himanshu/ws_final/install/bot_brain/share/ament_index/resource_index/packages
copying package.xml -> /home/himanshu/ws_final/install/bot_brain/share/bot_brain
running install_egg_info
Copying ../../build/bot_brain/bot_brain.egg-info to /home/himanshu/ws_final/install/bot_brain/lib/python3.10/site-packages/bot_brain-0.0.0-py3.10.egg-info
running install_scripts
writing list of installed files to '/home/himanshu/ws_final/build/bot_brain/install.log'
