[0.739s] Invoking command in '/home/himanshu/ws_final/build/bot_brain': PYTHONPATH=/home/himanshu/ws_final/build/bot_brain/prefix_override:/usr/lib/python3/dist-packages/colcon_core/task/python/colcon_distutils_commands:/home/himanshu/ws_final/install/bot_brain/lib/python3.10/site-packages:${PYTHONPATH} /usr/bin/python3 -W ignore:setup.py install is deprecated -W ignore:easy_install command is deprecated setup.py develop --uninstall --editable --build-directory /home/himanshu/ws_final/build/bot_brain/build
[0.947s] running develop
[1.071s] Removing /home/himanshu/ws_final/install/bot_brain/lib/python3.10/site-packages/bot-brain.egg-link (link to .)
[1.095s] Invoked command in '/home/himanshu/ws_final/build/bot_brain' returned '0': PYTHONPATH=/home/himanshu/ws_final/build/bot_brain/prefix_override:/usr/lib/python3/dist-packages/colcon_core/task/python/colcon_distutils_commands:/home/himanshu/ws_final/install/bot_brain/lib/python3.10/site-packages:${PYTHONPATH} /usr/bin/python3 -W ignore:setup.py install is deprecated -W ignore:easy_install command is deprecated setup.py develop --uninstall --editable --build-directory /home/himanshu/ws_final/build/bot_brain/build
[1.097s] Invoking command in '/home/himanshu/ws_final/src/bot_brain': PYTHONPATH=/home/himanshu/ws_final/build/bot_brain/prefix_override:/usr/lib/python3/dist-packages/colcon_core/task/python/colcon_distutils_commands:/home/himanshu/ws_final/install/bot_brain/lib/python3.10/site-packages:${PYTHONPATH} /usr/bin/python3 -W ignore:setup.py install is deprecated -W ignore:easy_install command is deprecated setup.py egg_info --egg-base ../../build/bot_brain build --build-base /home/himanshu/ws_final/build/bot_brain/build install --record /home/himanshu/ws_final/build/bot_brain/install.log --single-version-externally-managed install_data --force
[1.291s] running egg_info
[1.291s] writing ../../build/bot_brain/bot_brain.egg-info/PKG-INFO
[1.292s] writing dependency_links to ../../build/bot_brain/bot_brain.egg-info/dependency_links.txt
[1.292s] writing entry points to ../../build/bot_brain/bot_brain.egg-info/entry_points.txt
[1.292s] writing requirements to ../../build/bot_brain/bot_brain.egg-info/requires.txt
[1.292s] writing top-level names to ../../build/bot_brain/bot_brain.egg-info/top_level.txt
[1.293s] reading manifest file '../../build/bot_brain/bot_brain.egg-info/SOURCES.txt'
[1.295s] writing manifest file '../../build/bot_brain/bot_brain.egg-info/SOURCES.txt'
[1.296s] running build
[1.296s] running build_py
[1.296s] creating /home/himanshu/ws_final/build/bot_brain/build
[1.296s] creating /home/himanshu/ws_final/build/bot_brain/build/lib
[1.296s] creating /home/himanshu/ws_final/build/bot_brain/build/lib/bot_brain
[1.296s] copying bot_brain/__init__.py -> /home/himanshu/ws_final/build/bot_brain/build/lib/bot_brain
[1.296s] running install
[1.296s] running install_lib
[1.297s] creating /home/himanshu/ws_final/install/bot_brain/lib/python3.10/site-packages/bot_brain
[1.297s] copying /home/himanshu/ws_final/build/bot_brain/build/lib/bot_brain/__init__.py -> /home/himanshu/ws_final/install/bot_brain/lib/python3.10/site-packages/bot_brain
[1.297s] byte-compiling /home/himanshu/ws_final/install/bot_brain/lib/python3.10/site-packages/bot_brain/__init__.py to __init__.cpython-310.pyc
[1.297s] running install_data
[1.297s] copying resource/bot_brain -> /home/himanshu/ws_final/install/bot_brain/share/ament_index/resource_index/packages
[1.298s] copying package.xml -> /home/himanshu/ws_final/install/bot_brain/share/bot_brain
[1.298s] running install_egg_info
[1.299s] Copying ../../build/bot_brain/bot_brain.egg-info to /home/himanshu/ws_final/install/bot_brain/lib/python3.10/site-packages/bot_brain-0.0.0-py3.10.egg-info
[1.300s] running install_scripts
[1.317s] writing list of installed files to '/home/himanshu/ws_final/build/bot_brain/install.log'
[1.339s] Invoked command in '/home/himanshu/ws_final/src/bot_brain' returned '0': PYTHONPATH=/home/himanshu/ws_final/build/bot_brain/prefix_override:/usr/lib/python3/dist-packages/colcon_core/task/python/colcon_distutils_commands:/home/himanshu/ws_final/install/bot_brain/lib/python3.10/site-packages:${PYTHONPATH} /usr/bin/python3 -W ignore:setup.py install is deprecated -W ignore:easy_install command is deprecated setup.py egg_info --egg-base ../../build/bot_brain build --build-base /home/himanshu/ws_final/build/bot_brain/build install --record /home/himanshu/ws_final/build/bot_brain/install.log --single-version-externally-managed install_data --force
