[0.686s] Invoking command in '/home/himanshu/ws_final/build/bot_simulation': PYTHONPATH=/home/himanshu/ws_final/build/bot_simulation/prefix_override:/usr/lib/python3/dist-packages/colcon_core/task/python/colcon_distutils_commands:/home/himanshu/ws_final/install/bot_simulation/lib/python3.10/site-packages:${PYTHONPATH} /usr/bin/python3 -W ignore:setup.py install is deprecated -W ignore:easy_install command is deprecated setup.py develop --editable --build-directory /home/himanshu/ws_final/build/bot_simulation/build --no-deps symlink_data
[0.900s] running develop
[1.015s] running egg_info
[1.015s] creating bot_simulation.egg-info
[1.016s] writing bot_simulation.egg-info/PKG-INFO
[1.016s] writing dependency_links to bot_simulation.egg-info/dependency_links.txt
[1.016s] writing entry points to bot_simulation.egg-info/entry_points.txt
[1.016s] writing requirements to bot_simulation.egg-info/requires.txt
[1.016s] writing top-level names to bot_simulation.egg-info/top_level.txt
[1.016s] writing manifest file 'bot_simulation.egg-info/SOURCES.txt'
[1.017s] reading manifest file 'bot_simulation.egg-info/SOURCES.txt'
[1.017s] writing manifest file 'bot_simulation.egg-info/SOURCES.txt'
[1.018s] running build_ext
[1.019s] Creating /home/himanshu/ws_final/install/bot_simulation/lib/python3.10/site-packages/bot-simulation.egg-link (link to .)
[1.019s] 
[1.019s] Installed /home/himanshu/ws_final/build/bot_simulation
[1.019s] running symlink_data
[1.019s] creating /home/himanshu/ws_final/install/bot_simulation/share/ament_index
[1.020s] creating /home/himanshu/ws_final/install/bot_simulation/share/ament_index/resource_index
[1.020s] creating /home/himanshu/ws_final/install/bot_simulation/share/ament_index/resource_index/packages
[1.020s] symbolically linking /home/himanshu/ws_final/build/bot_simulation/resource/bot_simulation -> /home/himanshu/ws_final/install/bot_simulation/share/ament_index/resource_index/packages
[1.020s] symbolically linking /home/himanshu/ws_final/build/bot_simulation/package.xml -> /home/himanshu/ws_final/install/bot_simulation/share/bot_simulation
[1.057s] Invoked command in '/home/himanshu/ws_final/build/bot_simulation' returned '0': PYTHONPATH=/home/himanshu/ws_final/build/bot_simulation/prefix_override:/usr/lib/python3/dist-packages/colcon_core/task/python/colcon_distutils_commands:/home/himanshu/ws_final/install/bot_simulation/lib/python3.10/site-packages:${PYTHONPATH} /usr/bin/python3 -W ignore:setup.py install is deprecated -W ignore:easy_install command is deprecated setup.py develop --editable --build-directory /home/himanshu/ws_final/build/bot_simulation/build --no-deps symlink_data
