[0.674s] Invoking command in '/home/himanshu/ws_final/src/bot_brain': PYTHONPATH=/home/himanshu/ws_final/build/bot_brain/prefix_override:/usr/lib/python3/dist-packages/colcon_core/task/python/colcon_distutils_commands:/home/himanshu/ws_final/install/bot_brain/lib/python3.10/site-packages:${PYTHONPATH} /usr/bin/python3 -W ignore:setup.py install is deprecated -W ignore:easy_install command is deprecated setup.py egg_info --egg-base ../../build/bot_brain build --build-base /home/himanshu/ws_final/build/bot_brain/build install --record /home/himanshu/ws_final/build/bot_brain/install.log --single-version-externally-managed install_data
[1.084s] running egg_info
[1.085s] writing ../../build/bot_brain/bot_brain.egg-info/PKG-INFO
[1.086s] writing dependency_links to ../../build/bot_brain/bot_brain.egg-info/dependency_links.txt
[1.086s] writing entry points to ../../build/bot_brain/bot_brain.egg-info/entry_points.txt
[1.086s] writing requirements to ../../build/bot_brain/bot_brain.egg-info/requires.txt
[1.087s] writing top-level names to ../../build/bot_brain/bot_brain.egg-info/top_level.txt
[1.089s] reading manifest file '../../build/bot_brain/bot_brain.egg-info/SOURCES.txt'
[1.092s] writing manifest file '../../build/bot_brain/bot_brain.egg-info/SOURCES.txt'
[1.092s] running build
[1.092s] running build_py
[1.093s] running install
[1.094s] running install_lib
[1.095s] running install_data
[1.096s] running install_egg_info
[1.099s] removing '/home/himanshu/ws_final/install/bot_brain/lib/python3.10/site-packages/bot_brain-0.0.0-py3.10.egg-info' (and everything under it)
[1.100s] Copying ../../build/bot_brain/bot_brain.egg-info to /home/himanshu/ws_final/install/bot_brain/lib/python3.10/site-packages/bot_brain-0.0.0-py3.10.egg-info
[1.101s] running install_scripts
[1.144s] writing list of installed files to '/home/himanshu/ws_final/build/bot_brain/install.log'
[1.212s] Invoked command in '/home/himanshu/ws_final/src/bot_brain' returned '0': PYTHONPATH=/home/himanshu/ws_final/build/bot_brain/prefix_override:/usr/lib/python3/dist-packages/colcon_core/task/python/colcon_distutils_commands:/home/himanshu/ws_final/install/bot_brain/lib/python3.10/site-packages:${PYTHONPATH} /usr/bin/python3 -W ignore:setup.py install is deprecated -W ignore:easy_install command is deprecated setup.py egg_info --egg-base ../../build/bot_brain build --build-base /home/himanshu/ws_final/build/bot_brain/build install --record /home/himanshu/ws_final/build/bot_brain/install.log --single-version-externally-managed install_data
